Determining if the pthread_create exist failed with the following output:
Change Dir: /home/maksim/ClionProjects/RobotsBattle/cmake-build-debug/CMakeFiles/CMakeTmp

Run Build Command:"/usr/bin/make" "cmTC_a469a/fast"
/usr/bin/make -f CMakeFiles/cmTC_a469a.dir/build.make CMakeFiles/cmTC_a469a.dir/build
make[1]: вход в каталог «/home/maksim/ClionProjects/RobotsBattle/cmake-build-debug/CMakeFiles/CMakeTmp»
Building C object CMakeFiles/cmTC_a469a.dir/CheckSymbolExists.c.o
/usr/bin/cc     -o CMakeFiles/cmTC_a469a.dir/CheckSymbolExists.c.o   -c /home/maksim/ClionProjects/RobotsBattle/cmake-build-debug/CMakeFiles/CMakeTmp/CheckSymbolExists.c
Linking C executable cmTC_a469a
/home/maksim/clion-2016.2.3/bin/cmake/bin/cmake -E cmake_link_script CMakeFiles/cmTC_a469a.dir/link.txt --verbose=1
/usr/bin/cc       CMakeFiles/cmTC_a469a.dir/CheckSymbolExists.c.o  -o cmTC_a469a -rdynamic 
CMakeFiles/cmTC_a469a.dir/CheckSymbolExists.c.o: In function `main':
CheckSymbolExists.c:(.text+0x16): undefined reference to `pthread_create'
collect2: error: ld returned 1 exit status
CMakeFiles/cmTC_a469a.dir/build.make:97: ошибка выполнения рецепта для цели «cmTC_a469a»
make[1]: *** [cmTC_a469a] Ошибка 1
make[1]: выход из каталога «/home/maksim/ClionProjects/RobotsBattle/cmake-build-debug/CMakeFiles/CMakeTmp»
Makefile:126: ошибка выполнения рецепта для цели «cmTC_a469a/fast»
make: *** [cmTC_a469a/fast] Ошибка 2

File /home/maksim/ClionProjects/RobotsBattle/cmake-build-debug/CMakeFiles/CMakeTmp/CheckSymbolExists.c:
/* */
#include <pthread.h>

int main(int argc, char** argv)
{
  (void)argv;
#ifndef pthread_create
  return ((int*)(&pthread_create))[argc];
#else
  (void)argc;
  return 0;
#endif
}

Determining if the function pthread_create exists in the pthreads failed with the following output:
Change Dir: /home/maksim/ClionProjects/RobotsBattle/cmake-build-debug/CMakeFiles/CMakeTmp

Run Build Command:"/usr/bin/make" "cmTC_a636c/fast"
/usr/bin/make -f CMakeFiles/cmTC_a636c.dir/build.make CMakeFiles/cmTC_a636c.dir/build
make[1]: вход в каталог «/home/maksim/ClionProjects/RobotsBattle/cmake-build-debug/CMakeFiles/CMakeTmp»
Building C object CMakeFiles/cmTC_a636c.dir/CheckFunctionExists.c.o
/usr/bin/cc    -DCHECK_FUNCTION_EXISTS=pthread_create   -o CMakeFiles/cmTC_a636c.dir/CheckFunctionExists.c.o   -c /home/maksim/clion-2016.2.3/bin/cmake/share/cmake-3.6/Modules/CheckFunctionExists.c
Linking C executable cmTC_a636c
/home/maksim/clion-2016.2.3/bin/cmake/bin/cmake -E cmake_link_script CMakeFiles/cmTC_a636c.dir/link.txt --verbose=1
/usr/bin/cc   -DCHECK_FUNCTION_EXISTS=pthread_create    CMakeFiles/cmTC_a636c.dir/CheckFunctionExists.c.o  -o cmTC_a636c -rdynamic -lpthreads 
/usr/bin/ld: cannot find -lpthreads
collect2: error: ld returned 1 exit status
CMakeFiles/cmTC_a636c.dir/build.make:97: ошибка выполнения рецепта для цели «cmTC_a636c»
make[1]: *** [cmTC_a636c] Ошибка 1
make[1]: выход из каталога «/home/maksim/ClionProjects/RobotsBattle/cmake-build-debug/CMakeFiles/CMakeTmp»
Makefile:126: ошибка выполнения рецепта для цели «cmTC_a636c/fast»
make: *** [cmTC_a636c/fast] Ошибка 2


